# JRE version: OpenJDK Runtime Environment (16.0.1+9) (build 16.0.1+9-24)
# Java VM: OpenJDK 64-Bit Server VM (16.0.1+9-24, mixed mode, tiered, compressed oops, compressed class ptrs, g1 gc, linux-amd64)
GC Precious Log:
 CPUs: 12 total, 12 available
 Memory: 15869M
 Large Page Support: Disabled
 NUMA Support: Disabled
 Compressed Oops: Enabled (Zero based)
 Heap Region Size: 2M
 Heap Min Capacity: 8M
 Heap Initial Capacity: 248M
 Heap Max Capacity: 3968M
 Pre-touch: Disabled
 Parallel Workers: 10
 Concurrent Workers: 3
 Concurrent Refinement Workers: 10
 Periodic GC: Disabled
Heap:
 garbage-first heap   total 145408K, used 82930K [0x0000000708000000, 0x0000000800000000)
  region size 2048K, 40 young (81920K), 2 survivors (4096K)
 Metaspace       used 25512K, committed 25728K, reserved 1073152K
  class space    used 2439K, committed 2560K, reserved 1048576K
GC Heap History (20 events):
Event: 2.636 GC heap before
{Heap before GC invocations=8 (full 0):
 garbage-first heap   total 36864K, used 25521K [0x0000000708000000, 0x0000000800000000)
  region size 2048K, 10 young (20480K), 1 survivors (2048K)
 Metaspace       used 24771K, committed 24960K, reserved 1073152K
  class space    used 2407K, committed 2496K, reserved 1048576K
}
Event: 2.637 GC heap after
{Heap after GC invocations=9 (full 0):
 garbage-first heap   total 36864K, used 7157K [0x0000000708000000, 0x0000000800000000)
  region size 2048K, 2 young (4096K), 2 survivors (4096K)
 Metaspace       used 24771K, committed 24960K, reserved 1073152K
  class space    used 2407K, committed 2496K, reserved 1048576K
}
Event: 2.793 GC heap before
{Heap before GC invocations=9 (full 0):
 garbage-first heap   total 36864K, used 23541K [0x0000000708000000, 0x0000000800000000)
  region size 2048K, 10 young (20480K), 2 survivors (4096K)
 Metaspace       used 24835K, committed 25024K, reserved 1073152K
  class space    used 2407K, committed 2496K, reserved 1048576K
}
Event: 2.794 GC heap after
{Heap after GC invocations=10 (full 0):
 garbage-first heap   total 36864K, used 7208K [0x0000000708000000, 0x0000000800000000)
  region size 2048K, 2 young (4096K), 2 survivors (4096K)
 Metaspace       used 24835K, committed 25024K, reserved 1073152K
  class space    used 2407K, committed 2496K, reserved 1048576K
}
Event: 2.934 GC heap before
{Heap before GC invocations=10 (full 0):
 garbage-first heap   total 36864K, used 23592K [0x0000000708000000, 0x0000000800000000)
  region size 2048K, 10 young (20480K), 2 survivors (4096K)
 Metaspace       used 24870K, committed 25088K, reserved 1073152K
  class space    used 2407K, committed 2496K, reserved 1048576K
}
Event: 2.935 GC heap after
{Heap after GC invocations=11 (full 0):
 garbage-first heap   total 36864K, used 7161K [0x0000000708000000, 0x0000000800000000)
  region size 2048K, 2 young (4096K), 2 survivors (4096K)
 Metaspace       used 24870K, committed 25088K, reserved 1073152K
  class space    used 2407K, committed 2496K, reserved 1048576K
}
Event: 3.067 GC heap before
{Heap before GC invocations=11 (full 0):
 garbage-first heap   total 36864K, used 23545K [0x0000000708000000, 0x0000000800000000)
  region size 2048K, 10 young (20480K), 2 survivors (4096K)
 Metaspace       used 24895K, committed 25152K, reserved 1073152K
  class space    used 2407K, committed 2496K, reserved 1048576K
}
Event: 3.068 GC heap after
{Heap after GC invocations=12 (full 0):
 garbage-first heap   total 36864K, used 7154K [0x0000000708000000, 0x0000000800000000)
  region size 2048K, 2 young (4096K), 2 survivors (4096K)
 Metaspace       used 24895K, committed 25152K, reserved 1073152K
  class space    used 2407K, committed 2496K, reserved 1048576K
}
Event: 3.111 GC heap before
{Heap before GC invocations=12 (full 0):
 garbage-first heap   total 36864K, used 23538K [0x0000000708000000, 0x0000000800000000)
  region size 2048K, 10 young (20480K), 2 survivors (4096K)
 Metaspace       used 24937K, committed 25152K, reserved 1073152K
  class space    used 2407K, committed 2496K, reserved 1048576K
}
Event: 3.112 GC heap after
{Heap after GC invocations=13 (full 0):
 garbage-first heap   total 36864K, used 7154K [0x0000000708000000, 0x0000000800000000)
  region size 2048K, 2 young (4096K), 2 survivors (4096K)
 Metaspace       used 24937K, committed 25152K, reserved 1073152K
  class space    used 2407K, committed 2496K, reserved 1048576K
}
Event: 3.156 GC heap before
{Heap before GC invocations=13 (full 0):
 garbage-first heap   total 36864K, used 23538K [0x0000000708000000, 0x0000000800000000)
  region size 2048K, 10 young (20480K), 2 survivors (4096K)
 Metaspace       used 24938K, committed 25152K, reserved 1073152K
  class space    used 2407K, committed 2496K, reserved 1048576K
}
Event: 3.157 GC heap after
{Heap after GC invocations=14 (full 0):
 garbage-first heap   total 145408K, used 7155K [0x0000000708000000, 0x0000000800000000)
  region size 2048K, 2 young (4096K), 2 survivors (4096K)
 Metaspace       used 24938K, committed 25152K, reserved 1073152K
  class space    used 2407K, committed 2496K, reserved 1048576K
}
Event: 3.361 GC heap before
{Heap before GC invocations=14 (full 0):
 garbage-first heap   total 145408K, used 89075K [0x0000000708000000, 0x0000000800000000)
  region size 2048K, 42 young (86016K), 2 survivors (4096K)
 Metaspace       used 25035K, committed 25280K, reserved 1073152K
  class space    used 2408K, committed 2496K, reserved 1048576K
}
Event: 3.362 GC heap after
{Heap after GC invocations=15 (full 0):
 garbage-first heap   total 145408K, used 7102K [0x0000000708000000, 0x0000000800000000)
  region size 2048K, 1 young (2048K), 1 survivors (2048K)
 Metaspace       used 25035K, committed 25280K, reserved 1073152K
  class space    used 2408K, committed 2496K, reserved 1048576K
}
Event: 3.519 GC heap before
{Heap before GC invocations=15 (full 0):
 garbage-first heap   total 145408K, used 91070K [0x0000000708000000, 0x0000000800000000)
  region size 2048K, 42 young (86016K), 1 survivors (2048K)
 Metaspace       used 25140K, committed 25344K, reserved 1073152K
  class space    used 2408K, committed 2496K, reserved 1048576K
}
Event: 3.520 GC heap after
{Heap after GC invocations=16 (full 0):
 garbage-first heap   total 145408K, used 7102K [0x0000000708000000, 0x0000000800000000)
  region size 2048K, 1 young (2048K), 1 survivors (2048K)
 Metaspace       used 25140K, committed 25344K, reserved 1073152K
  class space    used 2408K, committed 2496K, reserved 1048576K
}
Event: 3.691 GC heap before
{Heap before GC invocations=16 (full 0):
 garbage-first heap   total 145408K, used 91070K [0x0000000708000000, 0x0000000800000000)
  region size 2048K, 42 young (86016K), 1 survivors (2048K)
 Metaspace       used 25165K, committed 25408K, reserved 1073152K
  class space    used 2408K, committed 2496K, reserved 1048576K
}
Event: 3.692 GC heap after
{Heap after GC invocations=17 (full 0):
 garbage-first heap   total 145408K, used 7155K [0x0000000708000000, 0x0000000800000000)
  region size 2048K, 2 young (4096K), 2 survivors (4096K)
 Metaspace       used 25165K, committed 25408K, reserved 1073152K
  class space    used 2408K, committed 2496K, reserved 1048576K
}
Event: 3.861 GC heap before
{Heap before GC invocations=17 (full 0):
 garbage-first heap   total 145408K, used 89075K [0x0000000708000000, 0x0000000800000000)
  region size 2048K, 42 young (86016K), 2 survivors (4096K)
 Metaspace       used 25303K, committed 25536K, reserved 1073152K
  class space    used 2436K, committed 2560K, reserved 1048576K
}
Event: 3.862 GC heap after
{Heap after GC invocations=18 (full 0):
 garbage-first heap   total 145408K, used 7154K [0x0000000708000000, 0x0000000800000000)
  region size 2048K, 2 young (4096K), 2 survivors (4096K)
 Metaspace       used 25303K, committed 25536K, reserved 1073152K
  class space    used 2436K, committed 2560K, reserved 1048576K
}

