# JRE version: OpenJDK Runtime Environment (16.0.1+9) (build 16.0.1+9-24)
# Java VM: OpenJDK 64-Bit Server VM (16.0.1+9-24, mixed mode, tiered, compressed oops, compressed class ptrs, g1 gc, linux-amd64)
GC Precious Log:
 CPUs: 12 total, 12 available
 Memory: 15869M
 Large Page Support: Disabled
 NUMA Support: Disabled
 Compressed Oops: Enabled (Zero based)
 Heap Region Size: 2M
 Heap Min Capacity: 8M
 Heap Initial Capacity: 248M
 Heap Max Capacity: 3968M
 Pre-touch: Disabled
 Parallel Workers: 10
 Concurrent Workers: 3
 Concurrent Refinement Workers: 10
 Periodic GC: Disabled
Heap:
 garbage-first heap   total 430080K, used 159851K [0x0000000708000000, 0x0000000800000000)
  region size 2048K, 17 young (34816K), 1 survivors (2048K)
 Metaspace       used 25292K, committed 25472K, reserved 1073152K
  class space    used 2412K, committed 2496K, reserved 1048576K
GC Heap History (20 events):
Event: 1.309 GC heap before
{Heap before GC invocations=2 (full 0):
 garbage-first heap   total 253952K, used 133032K [0x0000000708000000, 0x0000000800000000)
  region size 2048K, 66 young (135168K), 2 survivors (4096K)
 Metaspace       used 21060K, committed 21248K, reserved 1073152K
  class space    used 2093K, committed 2176K, reserved 1048576K
}
Event: 1.355 GC heap after
{Heap after GC invocations=3 (full 0):
 garbage-first heap   total 256000K, used 119230K [0x0000000708000000, 0x0000000800000000)
  region size 2048K, 10 young (20480K), 10 survivors (20480K)
 Metaspace       used 21060K, committed 21248K, reserved 1073152K
  class space    used 2093K, committed 2176K, reserved 1048576K
}
Event: 2.218 GC heap before
{Heap before GC invocations=4 (full 0):
 garbage-first heap   total 256000K, used 154046K [0x0000000708000000, 0x0000000800000000)
  region size 2048K, 28 young (57344K), 10 survivors (20480K)
 Metaspace       used 24590K, committed 24832K, reserved 1073152K
  class space    used 2402K, committed 2496K, reserved 1048576K
}
Event: 2.235 GC heap after
{Heap after GC invocations=5 (full 0):
 garbage-first heap   total 256000K, used 125952K [0x0000000708000000, 0x0000000800000000)
  region size 2048K, 2 young (4096K), 2 survivors (4096K)
 Metaspace       used 24590K, committed 24832K, reserved 1073152K
  class space    used 2402K, committed 2496K, reserved 1048576K
}
Event: 2.261 GC heap before
{Heap before GC invocations=5 (full 0):
 garbage-first heap   total 256000K, used 134144K [0x0000000708000000, 0x0000000800000000)
  region size 2048K, 6 young (12288K), 2 survivors (4096K)
 Metaspace       used 24617K, committed 24832K, reserved 1073152K
  class space    used 2407K, committed 2496K, reserved 1048576K
}
Event: 2.266 GC heap after
{Heap after GC invocations=6 (full 0):
 garbage-first heap   total 256000K, used 128840K [0x0000000708000000, 0x0000000800000000)
  region size 2048K, 1 young (2048K), 1 survivors (2048K)
 Metaspace       used 24617K, committed 24832K, reserved 1073152K
  class space    used 2407K, committed 2496K, reserved 1048576K
}
Event: 2.308 GC heap before
{Heap before GC invocations=6 (full 0):
 garbage-first heap   total 256000K, used 139080K [0x0000000708000000, 0x0000000800000000)
  region size 2048K, 6 young (12288K), 1 survivors (2048K)
 Metaspace       used 24642K, committed 24832K, reserved 1073152K
  class space    used 2407K, committed 2496K, reserved 1048576K
}
Event: 2.310 GC heap after
{Heap after GC invocations=7 (full 0):
 garbage-first heap   total 256000K, used 128560K [0x0000000708000000, 0x0000000800000000)
  region size 2048K, 1 young (2048K), 1 survivors (2048K)
 Metaspace       used 24642K, committed 24832K, reserved 1073152K
  class space    used 2407K, committed 2496K, reserved 1048576K
}
Event: 2.477 GC heap before
{Heap before GC invocations=8 (full 0):
 garbage-first heap   total 256000K, used 179760K [0x0000000708000000, 0x0000000800000000)
  region size 2048K, 26 young (53248K), 1 survivors (2048K)
 Metaspace       used 24693K, committed 24896K, reserved 1073152K
  class space    used 2408K, committed 2496K, reserved 1048576K
}
Event: 2.478 GC heap after
{Heap after GC invocations=9 (full 0):
 garbage-first heap   total 256000K, used 128838K [0x0000000708000000, 0x0000000800000000)
  region size 2048K, 1 young (2048K), 1 survivors (2048K)
 Metaspace       used 24693K, committed 24896K, reserved 1073152K
  class space    used 2408K, committed 2496K, reserved 1048576K
}
Event: 2.647 GC heap before
{Heap before GC invocations=9 (full 0):
 garbage-first heap   total 256000K, used 184134K [0x0000000708000000, 0x0000000800000000)
  region size 2048K, 28 young (57344K), 1 survivors (2048K)
 Metaspace       used 24791K, committed 24960K, reserved 1073152K
  class space    used 2410K, committed 2496K, reserved 1048576K
}
Event: 2.648 GC heap after
{Heap after GC invocations=10 (full 0):
 garbage-first heap   total 256000K, used 129004K [0x0000000708000000, 0x0000000800000000)
  region size 2048K, 1 young (2048K), 1 survivors (2048K)
 Metaspace       used 24791K, committed 24960K, reserved 1073152K
  class space    used 2410K, committed 2496K, reserved 1048576K
}
Event: 2.827 GC heap before
{Heap before GC invocations=11 (full 0):
 garbage-first heap   total 266240K, used 190444K [0x0000000708000000, 0x0000000800000000)
  region size 2048K, 31 young (63488K), 1 survivors (2048K)
 Metaspace       used 24859K, committed 25024K, reserved 1073152K
  class space    used 2410K, committed 2496K, reserved 1048576K
}
Event: 2.828 GC heap after
{Heap after GC invocations=12 (full 0):
 garbage-first heap   total 266240K, used 129111K [0x0000000708000000, 0x0000000800000000)
  region size 2048K, 1 young (2048K), 1 survivors (2048K)
 Metaspace       used 24859K, committed 25024K, reserved 1073152K
  class space    used 2410K, committed 2496K, reserved 1048576K
}
Event: 2.990 GC heap before
{Heap before GC invocations=12 (full 0):
 garbage-first heap   total 266240K, used 198743K [0x0000000708000000, 0x0000000800000000)
  region size 2048K, 36 young (73728K), 1 survivors (2048K)
 Metaspace       used 24926K, committed 25152K, reserved 1073152K
  class space    used 2410K, committed 2496K, reserved 1048576K
}
Event: 2.992 GC heap after
{Heap after GC invocations=13 (full 0):
 garbage-first heap   total 430080K, used 129254K [0x0000000708000000, 0x0000000800000000)
  region size 2048K, 1 young (2048K), 1 survivors (2048K)
 Metaspace       used 24926K, committed 25152K, reserved 1073152K
  class space    used 2410K, committed 2496K, reserved 1048576K
}
Event: 3.418 GC heap before
{Heap before GC invocations=14 (full 0):
 garbage-first heap   total 430080K, used 295142K [0x0000000708000000, 0x0000000800000000)
  region size 2048K, 82 young (167936K), 1 survivors (2048K)
 Metaspace       used 25039K, committed 25280K, reserved 1073152K
  class space    used 2410K, committed 2496K, reserved 1048576K
}
Event: 3.419 GC heap after
{Heap after GC invocations=15 (full 0):
 garbage-first heap   total 430080K, used 129294K [0x0000000708000000, 0x0000000800000000)
  region size 2048K, 1 young (2048K), 1 survivors (2048K)
 Metaspace       used 25039K, committed 25280K, reserved 1073152K
  class space    used 2410K, committed 2496K, reserved 1048576K
}
Event: 162.861 GC heap before
{Heap before GC invocations=15 (full 0):
 garbage-first heap   total 430080K, used 332046K [0x0000000708000000, 0x0000000800000000)
  region size 2048K, 100 young (204800K), 1 survivors (2048K)
 Metaspace       used 25261K, committed 25472K, reserved 1073152K
  class space    used 2411K, committed 2496K, reserved 1048576K
}
Event: 162.862 GC heap after
{Heap after GC invocations=16 (full 0):
 garbage-first heap   total 430080K, used 129131K [0x0000000708000000, 0x0000000800000000)
  region size 2048K, 1 young (2048K), 1 survivors (2048K)
 Metaspace       used 25261K, committed 25472K, reserved 1073152K
  class space    used 2411K, committed 2496K, reserved 1048576K
}

