# JRE version: OpenJDK Runtime Environment (16.0.1+9) (build 16.0.1+9-24)
# Java VM: OpenJDK 64-Bit Server VM (16.0.1+9-24, mixed mode, tiered, compressed oops, compressed class ptrs, g1 gc, linux-amd64)
GC Precious Log:
 CPUs: 12 total, 12 available
 Memory: 15869M
 Large Page Support: Disabled
 NUMA Support: Disabled
 Compressed Oops: Enabled (Zero based)
 Heap Region Size: 2M
 Heap Min Capacity: 8M
 Heap Initial Capacity: 248M
 Heap Max Capacity: 3968M
 Pre-touch: Disabled
 Parallel Workers: 10
 Concurrent Workers: 3
 Concurrent Refinement Workers: 10
 Periodic GC: Disabled
Heap:
 garbage-first heap   total 307200K, used 167264K [0x0000000708000000, 0x0000000800000000)
  region size 2048K, 20 young (40960K), 1 survivors (2048K)
 Metaspace       used 25656K, committed 25856K, reserved 1073152K
  class space    used 2414K, committed 2496K, reserved 1048576K
GC Heap History (20 events):
Event: 43.926 GC heap before
{Heap before GC invocations=124 (full 0):
 garbage-first heap   total 307200K, used 271727K [0x0000000708000000, 0x0000000800000000)
  region size 2048K, 70 young (143360K), 1 survivors (2048K)
 Metaspace       used 25591K, committed 25792K, reserved 1073152K
  class space    used 2412K, committed 2496K, reserved 1048576K
}
Event: 43.927 GC heap after
{Heap after GC invocations=125 (full 0):
 garbage-first heap   total 307200K, used 130382K [0x0000000708000000, 0x0000000800000000)
  region size 2048K, 1 young (2048K), 1 survivors (2048K)
 Metaspace       used 25591K, committed 25792K, reserved 1073152K
  class space    used 2412K, committed 2496K, reserved 1048576K
}
Event: 44.277 GC heap before
{Heap before GC invocations=125 (full 0):
 garbage-first heap   total 307200K, used 271694K [0x0000000708000000, 0x0000000800000000)
  region size 2048K, 70 young (143360K), 1 survivors (2048K)
 Metaspace       used 25591K, committed 25792K, reserved 1073152K
  class space    used 2412K, committed 2496K, reserved 1048576K
}
Event: 44.279 GC heap after
{Heap after GC invocations=126 (full 0):
 garbage-first heap   total 307200K, used 130369K [0x0000000708000000, 0x0000000800000000)
  region size 2048K, 1 young (2048K), 1 survivors (2048K)
 Metaspace       used 25591K, committed 25792K, reserved 1073152K
  class space    used 2412K, committed 2496K, reserved 1048576K
}
Event: 44.602 GC heap before
{Heap before GC invocations=126 (full 0):
 garbage-first heap   total 307200K, used 271681K [0x0000000708000000, 0x0000000800000000)
  region size 2048K, 70 young (143360K), 1 survivors (2048K)
 Metaspace       used 25591K, committed 25792K, reserved 1073152K
  class space    used 2412K, committed 2496K, reserved 1048576K
}
Event: 44.603 GC heap after
{Heap after GC invocations=127 (full 0):
 garbage-first heap   total 307200K, used 130547K [0x0000000708000000, 0x0000000800000000)
  region size 2048K, 1 young (2048K), 1 survivors (2048K)
 Metaspace       used 25591K, committed 25792K, reserved 1073152K
  class space    used 2412K, committed 2496K, reserved 1048576K
}
Event: 44.920 GC heap before
{Heap before GC invocations=127 (full 0):
 garbage-first heap   total 307200K, used 271859K [0x0000000708000000, 0x0000000800000000)
  region size 2048K, 70 young (143360K), 1 survivors (2048K)
 Metaspace       used 25591K, committed 25792K, reserved 1073152K
  class space    used 2412K, committed 2496K, reserved 1048576K
}
Event: 44.921 GC heap after
{Heap after GC invocations=128 (full 0):
 garbage-first heap   total 307200K, used 130384K [0x0000000708000000, 0x0000000800000000)
  region size 2048K, 1 young (2048K), 1 survivors (2048K)
 Metaspace       used 25591K, committed 25792K, reserved 1073152K
  class space    used 2412K, committed 2496K, reserved 1048576K
}
Event: 45.226 GC heap before
{Heap before GC invocations=128 (full 0):
 garbage-first heap   total 307200K, used 271696K [0x0000000708000000, 0x0000000800000000)
  region size 2048K, 70 young (143360K), 1 survivors (2048K)
 Metaspace       used 25599K, committed 25792K, reserved 1073152K
  class space    used 2412K, committed 2496K, reserved 1048576K
}
Event: 45.227 GC heap after
{Heap after GC invocations=129 (full 0):
 garbage-first heap   total 307200K, used 130600K [0x0000000708000000, 0x0000000800000000)
  region size 2048K, 1 young (2048K), 1 survivors (2048K)
 Metaspace       used 25599K, committed 25792K, reserved 1073152K
  class space    used 2412K, committed 2496K, reserved 1048576K
}
Event: 45.559 GC heap before
{Heap before GC invocations=129 (full 0):
 garbage-first heap   total 307200K, used 271912K [0x0000000708000000, 0x0000000800000000)
  region size 2048K, 70 young (143360K), 1 survivors (2048K)
 Metaspace       used 25607K, committed 25856K, reserved 1073152K
  class space    used 2412K, committed 2496K, reserved 1048576K
}
Event: 45.560 GC heap after
{Heap after GC invocations=130 (full 0):
 garbage-first heap   total 307200K, used 130559K [0x0000000708000000, 0x0000000800000000)
  region size 2048K, 1 young (2048K), 1 survivors (2048K)
 Metaspace       used 25607K, committed 25856K, reserved 1073152K
  class space    used 2412K, committed 2496K, reserved 1048576K
}
Event: 45.862 GC heap before
{Heap before GC invocations=130 (full 0):
 garbage-first heap   total 307200K, used 271871K [0x0000000708000000, 0x0000000800000000)
  region size 2048K, 70 young (143360K), 1 survivors (2048K)
 Metaspace       used 25607K, committed 25856K, reserved 1073152K
  class space    used 2412K, committed 2496K, reserved 1048576K
}
Event: 45.863 GC heap after
{Heap after GC invocations=131 (full 0):
 garbage-first heap   total 307200K, used 130452K [0x0000000708000000, 0x0000000800000000)
  region size 2048K, 1 young (2048K), 1 survivors (2048K)
 Metaspace       used 25607K, committed 25856K, reserved 1073152K
  class space    used 2412K, committed 2496K, reserved 1048576K
}
Event: 46.230 GC heap before
{Heap before GC invocations=131 (full 0):
 garbage-first heap   total 307200K, used 271764K [0x0000000708000000, 0x0000000800000000)
  region size 2048K, 70 young (143360K), 1 survivors (2048K)
 Metaspace       used 25607K, committed 25856K, reserved 1073152K
  class space    used 2412K, committed 2496K, reserved 1048576K
}
Event: 46.230 GC heap after
{Heap after GC invocations=132 (full 0):
 garbage-first heap   total 307200K, used 130587K [0x0000000708000000, 0x0000000800000000)
  region size 2048K, 1 young (2048K), 1 survivors (2048K)
 Metaspace       used 25607K, committed 25856K, reserved 1073152K
  class space    used 2412K, committed 2496K, reserved 1048576K
}
Event: 46.590 GC heap before
{Heap before GC invocations=132 (full 0):
 garbage-first heap   total 307200K, used 271899K [0x0000000708000000, 0x0000000800000000)
  region size 2048K, 70 young (143360K), 1 survivors (2048K)
 Metaspace       used 25608K, committed 25856K, reserved 1073152K
  class space    used 2413K, committed 2496K, reserved 1048576K
}
Event: 46.591 GC heap after
{Heap after GC invocations=133 (full 0):
 garbage-first heap   total 307200K, used 130505K [0x0000000708000000, 0x0000000800000000)
  region size 2048K, 1 young (2048K), 1 survivors (2048K)
 Metaspace       used 25608K, committed 25856K, reserved 1073152K
  class space    used 2413K, committed 2496K, reserved 1048576K
}
Event: 46.945 GC heap before
{Heap before GC invocations=133 (full 0):
 garbage-first heap   total 307200K, used 271817K [0x0000000708000000, 0x0000000800000000)
  region size 2048K, 70 young (143360K), 1 survivors (2048K)
 Metaspace       used 25613K, committed 25856K, reserved 1073152K
  class space    used 2413K, committed 2496K, reserved 1048576K
}
Event: 46.946 GC heap after
{Heap after GC invocations=134 (full 0):
 garbage-first heap   total 307200K, used 130400K [0x0000000708000000, 0x0000000800000000)
  region size 2048K, 1 young (2048K), 1 survivors (2048K)
 Metaspace       used 25613K, committed 25856K, reserved 1073152K
  class space    used 2413K, committed 2496K, reserved 1048576K
}

